This is e-pTeX, Version 3.14159265-p3.8.2-190908-2.6 (utf8.euc) (TeX Live 2019/Debian) (preloaded format=platex 2021.9.27)  27 SEP 2021 04:57
entering extended mode
 restricted \write18 enabled.
 %&-line parsing enabled.
**output/paperlist.tex
(./output/paperlist.tex
pLaTeX2e <2020-02-02>+2 (based on LaTeX2e <2020-02-02> patch level 2)
L3 programming layer <2020-02-14>)
*
! Emergency stop.
<*> ^^@utput/paperlist.tex
                          
End of file on the terminal!

 
Here is how much of TeX's memory you used:
 17 strings out of 482863
 336 string characters out of 5959218
 233061 words of memory out of 5000000
 15437 multiletter control sequences out of 15000+600000
 536209 words of font info for 41 fonts, out of 8000000 for 9000
 264 hyphenation exceptions out of 8191
 13i,0n,15p,52b,10s stack positions out of 5000i,500n,10000p,200000b,80000s
No pages of output.
