This is e-pTeX, Version 3.141592653-p3.9.1-210218-2.6 (utf8.euc) (TeX Live 2022/dev/Debian) (preloaded format=platex 2022.9.5)  21 SEP 2022 09:57
entering extended mode
 restricted \write18 enabled.
 %&-line parsing enabled.
**output/paperlist.tex
(./output/paperlist.tex
pLaTeX2e <2021-11-15> (based on LaTeX2e <2021-11-15> patch level 1)
L3 programming layer <2022-01-21>)
*
(Please type a command or say `\end')
*
(Please type a command or say `\end')
*\end

*\end
! Missing \endcsname inserted.
<to be read again> 
                   \end/ 
<*> \end
        
? \end
Type <return> to proceed, S to scroll future error messages,
R to run without stopping, Q to run quietly,
I to insert something, 
1 or ... or 9 to ignore the next 1 to 9 tokens of input,
H for help, X to quit.
? 
! TeX capacity exceeded, sorry [input stack size=5000].
\use_ii:nn #1#2->#2
                   
<*> \end
        
If you really absolutely need more capacity,
you can ask a wizard to enlarge me.

 
Here is how much of TeX's memory you used:
 20 strings out of 479850
 378 string characters out of 5887379
 295831 words of memory out of 5000000
 18441 multiletter control sequences out of 15000+600000
 473130 words of font info for 45 fonts, out of 8000000 for 9000
 264 hyphenation exceptions out of 8191
 5000i,0n,5001p,55b,18s stack positions out of 5000i,500n,10000p,200000b,80000s
No pages of output.
