This is e-pTeX, Version 3.14159265-p3.8.2-190908-2.6 (utf8.euc) (TeX Live 2019/Debian) (preloaded format=platex 2021.5.18)  27 SEP 2021 12:01
entering extended mode
 restricted \write18 enabled.
 %&-line parsing enabled.
**output/paperlist.tex
(./output/paperlist.tex
pLaTeX2e <2020-02-02>+2 (based on LaTeX2e <2020-02-02> patch level 2)
L3 programming layer <2020-02-14>
(/usr/share/texlive/texmf-dist/tex/platex/base/pl209.def
Entering pLaTeX 2.09 compatibility mode.
(/usr/share/texlive/texmf-dist/tex/latex/base/latex209.def
File: latex209.def 2018/08/11 v0.54 Standard LaTeX file


          Entering LaTeX 2.09 COMPATIBILITY MODE
 *************************************************************
    !!WARNING!!    !!WARNING!!    !!WARNING!!    !!WARNING!!   
 
 This mode attempts to provide an emulation of the LaTeX 2.09
 author environment so that OLD documents can be successfully
 processed. It should NOT be used for NEW documents!
 
 New documents should use Standard LaTeX conventions and start
 with the \documentclass command.
 
 Compatibility mode is UNLIKELY TO WORK with LaTeX 2.09 style
 files that change any internal macros, especially not with
 those that change the FONT SELECTION or OUTPUT ROUTINES.
 
 Therefore such style files MUST BE UPDATED to use
          Current Standard LaTeX: LaTeX2e.
 If you suspect that you may be using such a style file, which
 is probably very, very old by now, then you should attempt to
 get it updated by sending a copy of this error message to the
 author of that file.
 *************************************************************

\footheight=\dimen150
\@maxsep=\dimen151
\@dblmaxsep=\dimen152
\@cla=\count166
\@clb=\count167
\mscount=\count168
(/usr/share/texlive/texmf-dist/tex/latex/base/tracefnt.sty
Package: tracefnt 2019/10/11 v3.0l Standard LaTeX package (font tracing)
\tracingfonts=\count169
LaTeX Info: Redefining \selectfont on input line 106.
)
\symbold=\mathgroup4
\symsans=\mathgroup5
\symtypewriter=\mathgroup6
\symitalic=\mathgroup7
\symsmallcaps=\mathgroup8
\symslanted=\mathgroup9
LaTeX Font Info:    Redeclaring math alphabet \mathbf on input line 269.
LaTeX Font Info:    Redeclaring math alphabet \mathsf on input line 270.
LaTeX Font Info:    Redeclaring math alphabet \mathtt on input line 271.
LaTeX Font Info:    Redeclaring math alphabet \mathit on input line 277.
LaTeX Info: Redefining \em on input line 287.

(/usr/share/texlive/texmf-dist/tex/latex/base/latexsym.sty
Package: latexsym 1998/08/17 v2.2e Standard LaTeX package (lasy symbols)
\symlasy=\mathgroup10
LaTeX Font Info:    Overwriting symbol font `lasy' in version `bold'
(Font)                  U/lasy/m/n --> U/lasy/b/n on input line 52.
)
LaTeX Font Info:    Redeclaring math delimiter \lgroup on input line 333.
LaTeX Font Info:    Redeclaring math delimiter \rgroup on input line 335.
LaTeX Font Info:    Redeclaring math delimiter \bracevert on input line 337.
)
(/usr/share/texlive/texmf-dist/tex/platex/base/ptrace.sty
Package: ptrace 2019/09/16 v1.6t Standard pLaTeX package (font tracing)
LaTeX Info: Redefining \selectfont on input line 20.
Applying: [2017/04/08] Construct \ystrutbox  on input line 76.
Already applied: [0000/00/00] ASCII Corporation original on input line 111.
Applying: [2019/10/01] Make robust on input line 146.
LaTeX Info: Redefining \adjustbaseline on input line 147.
Already applied: [2017/07/29] Change zenkaku reference on input line 170.
Already applied: [0000/00/00] ASCII Corporation original on input line 195.
)
\symmincho=\mathgroup11
\symgothic=\mathgroup12
LaTeX Font Info:    Overwriting symbol font `mincho' in version `bold'
(Font)                  JY1/mc/m/n --> JY1/gt/m/n on input line 35.
LaTeX Info: Redefining \bf on input line 49.
LaTeX Info: Redefining \rm on input line 56.
LaTeX Info: Redefining \sf on input line 57.
LaTeX Info: Redefining \sl on input line 58.
LaTeX Info: Redefining \sc on input line 59.
LaTeX Info: Redefining \it on input line 60.
LaTeX Info: Redefining \tt on input line 61.
LaTeX Info: Redefining \em on input line 62.
)
(/usr/share/texlive/texmf-dist/tex/platex/base/jarticle.cls
Document Class: jarticle 2020/01/03 v1.8e Standard pLaTeX class
\c@@paper=\count170
(/usr/share/texlive/texmf-dist/tex/platex/base/jsize11.clo
File: jsize11.clo 2020/01/03 v1.8e Standard pLaTeX file (size option)
)
\c@part=\count171
\c@section=\count172
\c@subsection=\count173
\c@subsubsection=\count174
\c@paragraph=\count175
\c@subparagraph=\count176
\c@figure=\count177
\c@table=\count178
\abovecaptionskip=\skip47
\belowcaptionskip=\skip48
Compatibility mode: definition of \mc ignored.
Compatibility mode: definition of \gt ignored.
Compatibility mode: definition of \rm ignored.
Compatibility mode: definition of \sf ignored.
Compatibility mode: definition of \tt ignored.
Compatibility mode: definition of \bf ignored.
Compatibility mode: definition of \it ignored.
Compatibility mode: definition of \sl ignored.
Compatibility mode: definition of \sc ignored.
LaTeX Info: Redefining \cal on input line 644.
LaTeX Info: Redefining \mit on input line 645.
\toclineskip=\dimen153
\@lnumwidth=\dimen154
\bibindent=\dimen155
\heisei=\count179
)
\c@savedenumi=\count180

(/usr/share/texlive/texmf-dist/tex/latex/l3backend/l3backend-dvips.def
File: l3backend-dvips.def 2020-02-03 L3 backend support: dvips
\l__pdf_internal_box=\box61
\g__pdf_backend_object_int=\count181
\l__pdf_backend_content_box=\box62
\l__pdf_backend_model_box=\box63
\g__pdf_backend_annotation_int=\count182
\g__pdf_backend_link_int=\count183
\g__pdf_backend_link_sf_int=\count184
)
No file paperlist.aux.
\openout1 = `paperlist.aux'.

LaTeX Font Info:    Checking defaults for OML/cmm/m/it on input line 16.
LaTeX Font Info:    ... okay on input line 16.
LaTeX Font Info:    Checking defaults for OMS/cmsy/m/n on input line 16.
LaTeX Font Info:    ... okay on input line 16.
LaTeX Font Info:    Checking defaults for OT1/cmr/m/n on input line 16.
LaTeX Font Info:    ... okay on input line 16.
LaTeX Font Info:    Checking defaults for T1/cmr/m/n on input line 16.
LaTeX Font Info:    ... okay on input line 16.
LaTeX Font Info:    Checking defaults for TS1/cmr/m/n on input line 16.
LaTeX Font Info:    ... okay on input line 16.
LaTeX Font Info:    Checking defaults for OMX/cmex/m/n on input line 16.
LaTeX Font Info:    ... okay on input line 16.
LaTeX Font Info:    Checking defaults for U/cmr/m/n on input line 16.
LaTeX Font Info:    ... okay on input line 16.
LaTeX Font Info:    Checking defaults for JY1/mc/m/n on input line 16.
LaTeX Font Info:    ... okay on input line 16.
LaTeX Font Info:    Checking defaults for JT1/mc/m/n on input line 16.
LaTeX Font Info:    ... okay on input line 16.
Missing character: There is no ^^d3 in font cmr17!
Missing character: There is no ^^9b in font cmr17!
LaTeX Font Info:    External font `cmex10' loaded for size
(Font)              <12> on input line 17.
LaTeX Font Info:    External font `cmex10' loaded for size
(Font)              <8> on input line 17.
LaTeX Font Info:    External font `cmex10' loaded for size
(Font)              <6> on input line 17.
LaTeX Font Info:    Trying to load font information for U+lasy on input line 17
.
(/usr/share/texlive/texmf-dist/tex/latex/base/ulasy.fd
File: ulasy.fd 1998/08/17 v2.2e LaTeX symbol font definitions
)
LaTeX Font Info:    Font shape `JT1/mc/b/n' in size <14.4> not available
(Font)              Font shape `JT1/mc/bx/n' tried instead on input line 20.
LaTeX Font Info:    Font shape `JT1/mc/bx/n' in size <14.4> not available
(Font)              Font shape `JT1/gt/m/n' tried instead on input line 20.
LaTeX Font Info:    Font shape `JY1/mc/b/n' in size <14.4> not available
(Font)              Font shape `JY1/mc/bx/n' tried instead on input line 20.
LaTeX Font Info:    Font shape `JY1/mc/bx/n' in size <14.4> not available
(Font)              Font shape `JY1/gt/m/n' tried instead on input line 20.
LaTeX Font Info:    External font `cmex10' loaded for size
(Font)              <10.95> on input line 24.
Missing character: There is no ^^ca in font cmr10!
Missing character: There is no ^^9b in font cmr10!
Missing character: There is no ^^ac in font cmr10!
Missing character: There is no ^^a0 in font cmr10!
Missing character: There is no ^^a0 in font cmr10!
Missing character: There is no ^^ae in font cmr10!
LaTeX Font Info:    Font shape `JT1/mc/b/n' in size <10.95> not available
(Font)              Font shape `JT1/mc/bx/n' tried instead on input line 28.
LaTeX Font Info:    Font shape `JT1/mc/bx/n' in size <10.95> not available
(Font)              Font shape `JT1/gt/m/n' tried instead on input line 28.
LaTeX Font Info:    Font shape `JY1/mc/b/n' in size <10.95> not available
(Font)              Font shape `JY1/mc/bx/n' tried instead on input line 28.
LaTeX Font Info:    Font shape `JY1/mc/bx/n' in size <10.95> not available
(Font)              Font shape `JY1/gt/m/n' tried instead on input line 28.

Overfull \hbox (8.34805pt too wide) in paragraph at lines 24--29
[][]$[]$[]\OT1/cmr/m/n/10.95 : ``Com-pu-ta-tional Mu-si-cal In-stru-ment Recog-
ni-tion and Its Ap-pli-ca-tion to Content-
 []

LaTeX Font Warning: Font shape `JT1/mc/m/it' undefined
(Font)              using `JT1/mc/m/n' instead on input line 39.
LaTeX Font Warning: Font shape `JY1/mc/m/it' undefined
(Font)              using `JY1/mc/m/n' instead on input line 39.
Missing character: There is no ^^ea in font cmr10!
Missing character: There is no ^^9b in font cmr10!
Missing character: There is no ^^ac in font cmr10!
Missing character: There is no ^^a0 in font cmr10!
Missing character: There is no ^^a1 in font cmr10!
Missing character: There is no ^^9b in font cmr10!
Missing character: There is no ^^ac in font cmr10!
Missing character: There is no ^^a0 in font cmr10!
Missing character: There is no ^^b1 in font cmr10!
Missing character: There is no ^^9b in font cmr10!
Missing character: There is no ^^a0 in font cmr10!
Missing character: There is no ^^9b in font cmr10!
Missing character: There is no ^^de in font cmbx10!
Missing character: There is no ^^9b in font cmbx10!
Missing character: There is no ^^ef in font cmbx10!
Missing character: There is no ^^a0 in font cmbx10!
Missing character: There is no ^^e4 in font cmbx10!
Missing character: There is no ^^a0 in font cmbx10!
Missing character: There is no ^^a0 in font cmbx10!
Missing character: There is no ^^a0 in font cmbx10!
Missing character: There is no ^^ec in font cmbx10!
Missing character: There is no ^^a0 in font cmbx10!
Missing character: There is no ^^f2 in font cmbx10!
Missing character: There is no ^^a0 in font cmbx10!
Missing character: There is no ^^a0 in font cmbx10!
Missing character: There is no ^^ac in font cmbx10!
Missing character: There is no ^^a0 in font cmbx10!
Missing character: There is no ^^a9 in font cmbx10!
[1

]
LaTeX Font Warning: Font shape `JT1/mc/b/it' undefined
(Font)              using `JT1/mc/b/n' instead on input line 127.
LaTeX Font Warning: Font shape `JY1/mc/b/it' undefined
(Font)              using `JY1/mc/b/n' instead on input line 127.
Missing character: There is no ^^b9 in font cmbx10!
Missing character: There is no ^^9b in font cmbx10!
Missing character: There is no ^^c2 in font cmbx10!
Missing character: There is no ^^9b in font cmbx10!
LaTeX Font Info:    Font shape `JT1/mc/b/it' in size <10.95> not available
(Font)              Font shape `JT1/mc/bx/n' tried instead on input line 136.
LaTeX Font Info:    Font shape `JT1/mc/bx/n' in size <10.95> not available
(Font)              Font shape `JT1/gt/m/n' tried instead on input line 136.
LaTeX Font Info:    Font shape `JY1/mc/b/it' in size <10.95> not available
(Font)              Font shape `JY1/mc/bx/n' tried instead on input line 136.
LaTeX Font Info:    Font shape `JY1/mc/bx/n' in size <10.95> not available
(Font)              Font shape `JY1/gt/m/n' tried instead on input line 136.
Missing character: There is no ^^f1 in font cmti10!
Missing character: There is no ^^9b in font cmti10!
Missing character: There is no ^^a0 in font cmti10!
Missing character: There is no ^^9b in font cmti10!

Overfull \hbox (20.28348pt too wide) in paragraph at lines 164--170
[]\OT1/cmr/bx/n/10.95 Syunpei Suzuki, and []$[]$[]: ``Four-part Har-mo-niza-tio
n Us-ing Bayesian
 []

Missing character: There is no ^^e0 in font cmbx10!
Missing character: There is no ^^9b in font cmbx10!
Missing character: There is no ^^ac in font cmbx10!
Missing character: There is no ^^a0 in font cmbx10!
Missing character: There is no ^^c1 in font cmbx10!
Missing character: There is no ^^9b in font cmbx10!
Missing character: There is no ^^ac in font cmbx10!
Missing character: There is no ^^a0 in font cmbx10!
[2]
! Missing } inserted.
<inserted text> 
                }
l.221 \end{Enumerate}
                     
? 
Missing character: There is no ^^bc in font cmbx12!
Missing character: There is no ^^9b in font cmbx12!
Missing character: There is no ^^cb in font cmti10!
Missing character: There is no ^^9b in font cmti10!
Missing character: There is no ^^e0 in font cmr10!
Missing character: There is no ^^9b in font cmr10!
Missing character: There is no ^^ac in font cmr10!
Missing character: There is no ^^a0 in font cmr10!
Missing character: There is no ^^cb in font cmti10!
Missing character: There is no ^^9b in font cmti10!
Missing character: There is no ^^d7 in font cmr10!
Missing character: There is no ^^9b in font cmr10!
Missing character: There is no ^^ac in font cmr10!
Missing character: There is no ^^a0 in font cmr10!
Missing character: There is no ^^ac in font cmr10!
Missing character: There is no ^^a0 in font cmr10!
Missing character: There is no ^^a0 in font cmr10!
Missing character: There is no ^^a0 in font cmr10!
Missing character: There is no ^^a0 in font cmr10!
Missing character: There is no ^^ae in font cmr10!
Missing character: There is no ^^cb in font cmti10!
Missing character: There is no ^^9b in font cmti10!
Missing character: There is no ^^e0 in font cmr10!
Missing character: There is no ^^9b in font cmr10!
Missing character: There is no ^^ac in font cmr10!
Missing character: There is no ^^a0 in font cmr10!
Missing character: There is no ^^cb in font cmti10!
Missing character: There is no ^^9b in font cmti10!
Missing character: There is no ^^cb in font cmti10!
Missing character: There is no ^^9b in font cmti10!
[3]
Overfull \hbox (5.45587pt too wide) in paragraph at lines 398--412
[]\OT1/cmr/m/n/10.95 Hiromasa Fu-ji-hara, []$[]$[], Masa-taka Goto, Kazunori Ko
-matani, Tet-suya Ogata,
 []

Missing character: There is no ^^de in font cmbx10!
Missing character: There is no ^^9b in font cmbx10!
Missing character: There is no ^^a0 in font cmbx10!
Missing character: There is no ^^9b in font cmbx10!
[4]
Overfull \hbox (5.45587pt too wide) in paragraph at lines 441--456
[]\OT1/cmr/m/n/10.95 Hiromasa Fu-ji-hara, []$[]$[], Masa-taka Goto, Kazunori Ko
-matani, Tet-suya Ogata,
 []


Overfull \hbox (5.45587pt too wide) in paragraph at lines 458--473
[]\OT1/cmr/m/n/10.95 Hiromasa Fu-ji-hara, []$[]$[], Masa-taka Goto, Kazunori Ko
-matani, Tet-suya Ogata,
 []

[5] [6]
Overfull \hbox (3.52434pt too wide) in paragraph at lines 686--692
[][]$[]$[]\OT1/cmr/m/n/10.95 , and Yuichi Tsuchiya: ``Short-term and Long-term 
Eval-u-a-tions of Melody
 []

[7]
! You can't use `macro parameter character #' in horizontal mode.
l.771     {\it HCI International 2016 \&#
                                         8211; Posters' Extended Abstracts, ...

? 
! You can't use `macro parameter character #' in horizontal mode.
l.780     {\it HCI International 2016 \&#
                                         8211; Posters' Extended Abstracts, ...

? 

Overfull \hbox (22.68684pt too wide) in paragraph at lines 792--801
[]\OT1/cmr/m/n/10.95 Takuya Kuri-hara, Yukiko Yokomizo, Mi-natsu Takekoshi, Tet
-suaki Baba, and []$[]$[]:
 []

[8]
! You can't use `macro parameter character #' in horizontal mode.
l.850 Rafael Ram\&#
                   237;rez:
? 
! You can't use `macro parameter character #' in horizontal mode.
l.904 ...0536, (Michelangelo Ceci, Jaakko Hollm\&#
                                                  233;n, Ljup\&#269;o Todoro...

? 
! You can't use `macro parameter character #' in horizontal mode.
l.904 ...ngelo Ceci, Jaakko Hollm\&#233;n, Ljup\&#
                                                  269;o Todorovski, Celine V...

? 
! You can't use `macro parameter character #' in horizontal mode.
l.904 ...#269;o Todorovski, Celine Vens, and Sa\&#
                                                  353;o D\&#382;eroski (Eds....

? 
! You can't use `macro parameter character #' in horizontal mode.
l.904 ...orovski, Celine Vens, and Sa\&#353;o D\&#
                                                  382;eroski (Eds.)), pp.368...

? 
[9]
! You can't use `macro parameter character #' in horizontal mode.
l.947 ... Cheok, Masahiko Inami, and Teresa Rom\&#
                                                  227;o (Eds.)), pp.339--359...

? 
! You can't use `macro parameter character #' in horizontal mode.
l.982 Rafael Ram\&#
                   237;rez:
? 
! You can't use `macro parameter character #' in horizontal mode.
l.1001 Rafael Ram\&#
                    305;\&#769;rez:
? 
! You can't use `macro parameter character #' in horizontal mode.
l.1001 Rafael Ram\&#305;\&#
                           769;rez:
? 
! You can't use `macro parameter character #' in horizontal mode.
l.1005 ...7, Matosinhos, Portugal, September 25\&#
                                                  8211;28, 2017, Revised Sel...

? 
! You can't use `macro parameter character #' in horizontal mode.
l.1009 S\&#
           248;lvi Ystad (Eds.)), pp.509--521, Springer, December 2018.
? 
[10]
! You can't use `macro parameter character #' in horizontal mode.
l.1020 ...7, Matosinhos, Portugal, September 25\&#
                                                  8211;28, 2017, Revised Sel...

? 
! You can't use `macro parameter character #' in horizontal mode.
l.1024 S\&#
           248;lvi Ystad (Eds.)), pp.213--225, Springer, December 2018.
? 
Missing character: There is no ^^e0 in font cmr10!
Missing character: There is no ^^9b in font cmr10!
Missing character: There is no ^^ac in font cmr10!
Missing character: There is no ^^a0 in font cmr10!
Missing character: There is no ^^bc in font cmr10!
Missing character: There is no ^^9b in font cmr10!
Missing character: There is no ^^ac in font cmr10!
Missing character: There is no ^^a0 in font cmr10!
[11]
Missing character: There is no ^^ea in font cmr10!
Missing character: There is no ^^9b in font cmr10!
Missing character: There is no ^^ac in font cmr10!
Missing character: There is no ^^a0 in font cmr10!
Missing character: There is no ^^b8 in font cmti10!
Missing character: There is no ^^9b in font cmti10!
Missing character: There is no ^^a0 in font cmti10!
Missing character: There is no ^^d3 in font cmti10!
Missing character: There is no ^^a0 in font cmti10!
Missing character: There is no ^^a9 in font cmti10!
Missing character: There is no ^^f1 in font cmbx12!
Missing character: There is no ^^9b in font cmbx12!
Missing character: There is no ^^f0 in font cmti10!
Missing character: There is no ^^9b in font cmti10!
Missing character: There is no ^^a0 in font cmti10!
Missing character: There is no ^^a0 in font cmti10!
Missing character: There is no ^^ac in font cmti10!
Missing character: There is no ^^a0 in font cmti10!
Missing character: There is no ^^a0 in font cmti10!
Missing character: There is no ^^ac in font cmti10!
Missing character: There is no ^^a0 in font cmti10!
Missing character: There is no ^^f9 in font cmti10!
Missing character: There is no ^^a0 in font cmti10!
Missing character: There is no ^^ae in font cmti10!
Missing character: There is no ^^f0 in font cmti10!
Missing character: There is no ^^9b in font cmti10!
Missing character: There is no ^^a0 in font cmti10!
Missing character: There is no ^^a0 in font cmti10!
Missing character: There is no ^^ac in font cmti10!
Missing character: There is no ^^a0 in font cmti10!
Missing character: There is no ^^a0 in font cmti10!
Missing character: There is no ^^a0 in font cmti10!
Missing character: There is no ^^a0 in font cmti10!
Missing character: There is no ^^ae in font cmti10!
Missing character: There is no ^^a4 in font cmti10!
Missing character: There is no ^^9b in font cmti10!
Missing character: There is no ^^ac in font cmti10!
Missing character: There is no ^^a0 in font cmti10!
Missing character: There is no ^^f0 in font cmti10!
Missing character: There is no ^^9b in font cmti10!
Missing character: There is no ^^a0 in font cmti10!
Missing character: There is no ^^a0 in font cmti10!
Missing character: There is no ^^ac in font cmti10!
Missing character: There is no ^^a0 in font cmti10!
Missing character: There is no ^^a0 in font cmti10!
Missing character: There is no ^^a0 in font cmti10!
Missing character: There is no ^^a0 in font cmti10!
Missing character: There is no ^^ae in font cmti10!
Missing character: There is no ^^f0 in font cmti10!
Missing character: There is no ^^9b in font cmti10!
Missing character: There is no ^^a0 in font cmti10!
Missing character: There is no ^^a0 in font cmti10!
Missing character: There is no ^^ac in font cmti10!
Missing character: There is no ^^a0 in font cmti10!
Missing character: There is no ^^a0 in font cmti10!
Missing character: There is no ^^a0 in font cmti10!
Missing character: There is no ^^a0 in font cmti10!
Missing character: There is no ^^ae in font cmti10!
LaTeX Font Info:    Trying to load font information for OMS+cmr on input line 1
178.
 (/usr/share/texlive/texmf-dist/tex/latex/base/omscmr.fd
File: omscmr.fd 2019/12/16 v2.5j Standard LaTeX font definitions
)
LaTeX Font Info:    Font shape `OMS/cmr/m/it' in size <10.95> not available
(Font)              Font shape `OMS/cmsy/m/n' tried instead on input line 1178.

Missing character: There is no ^^f0 in font cmti10!
Missing character: There is no ^^9b in font cmti10!
Missing character: There is no ^^a0 in font cmti10!
Missing character: There is no ^^a0 in font cmti10!
Missing character: There is no ^^ac in font cmti10!
Missing character: There is no ^^a0 in font cmti10!
Missing character: There is no ^^a0 in font cmti10!
Missing character: There is no ^^a0 in font cmti10!
Missing character: There is no ^^a0 in font cmti10!
Missing character: There is no ^^ae in font cmti10!
Missing character: There is no ^^f1 in font cmti10!
Missing character: There is no ^^9b in font cmti10!
Missing character: There is no ^^af in font cmti10!
Missing character: There is no ^^9b in font cmti10!
Missing character: There is no ^^f1 in font cmti10!
Missing character: There is no ^^9b in font cmti10!
Missing character: There is no ^^a0 in font cmti10!
Missing character: There is no ^^9b in font cmti10!
Missing character: There is no ^^f0 in font cmti10!
Missing character: There is no ^^9b in font cmti10!
Missing character: There is no ^^f1 in font cmti10!
Missing character: There is no ^^9b in font cmti10!
Missing character: There is no ^^a0 in font cmti10!
Missing character: There is no ^^9b in font cmti10!
Missing character: There is no ^^f1 in font cmti10!
Missing character: There is no ^^9b in font cmti10!
Missing character: There is no ^^a0 in font cmti10!
Missing character: There is no ^^9b in font cmti10!
Missing character: There is no ^^ea in font cmti10!
Missing character: There is no ^^9b in font cmti10!
Missing character: There is no ^^ac in font cmti10!
Missing character: There is no ^^a0 in font cmti10!
Missing character: There is no ^^f0 in font cmti10!
Missing character: There is no ^^9b in font cmti10!
Missing character: There is no ^^a0 in font cmti10!
Missing character: There is no ^^a0 in font cmti10!
Missing character: There is no ^^ac in font cmti10!
Missing character: There is no ^^a0 in font cmti10!
Missing character: There is no ^^a0 in font cmti10!
Missing character: There is no ^^a0 in font cmti10!
Missing character: There is no ^^a0 in font cmti10!
Missing character: There is no ^^ae in font cmti10!
 [12]
Missing character: There is no ^^f0 in font cmti10!
Missing character: There is no ^^9b in font cmti10!
Missing character: There is no ^^a0 in font cmti10!
Missing character: There is no ^^a0 in font cmti10!
Missing character: There is no ^^ac in font cmti10!
Missing character: There is no ^^a0 in font cmti10!
Missing character: There is no ^^a0 in font cmti10!
Missing character: There is no ^^a0 in font cmti10!
Missing character: There is no ^^a0 in font cmti10!
Missing character: There is no ^^ae in font cmti10!
Missing character: There is no ^^f0 in font cmti10!
Missing character: There is no ^^9b in font cmti10!
Missing character: There is no ^^a0 in font cmti10!
Missing character: There is no ^^a0 in font cmti10!
Missing character: There is no ^^ac in font cmti10!
Missing character: There is no ^^a0 in font cmti10!
Missing character: There is no ^^a0 in font cmti10!
Missing character: There is no ^^a0 in font cmti10!
Missing character: There is no ^^a0 in font cmti10!
Missing character: There is no ^^ae in font cmti10!
Missing character: There is no ^^f0 in font cmti10!
Missing character: There is no ^^9b in font cmti10!
Missing character: There is no ^^a0 in font cmti10!
Missing character: There is no ^^a0 in font cmti10!
Missing character: There is no ^^ac in font cmti10!
Missing character: There is no ^^a0 in font cmti10!
Missing character: There is no ^^a0 in font cmti10!
Missing character: There is no ^^a0 in font cmti10!
Missing character: There is no ^^f9 in font cmti10!
Missing character: There is no ^^a0 in font cmti10!
Missing character: There is no ^^ae in font cmti10!
Missing character: There is no ^^a0 in font cmti10!
Missing character: There is no ^^a6 in font cmti10!
Missing character: There is no ^^9b in font cmti10!
Missing character: There is no ^^ac in font cmti10!
Missing character: There is no ^^a0 in font cmti10!
Missing character: There is no ^^f0 in font cmti10!
Missing character: There is no ^^9b in font cmti10!
Missing character: There is no ^^a0 in font cmti10!
Missing character: There is no ^^a0 in font cmti10!
Missing character: There is no ^^ac in font cmti10!
Missing character: There is no ^^a0 in font cmti10!
Missing character: There is no ^^a0 in font cmti10!
Missing character: There is no ^^a0 in font cmti10!
Missing character: There is no ^^a0 in font cmti10!
Missing character: There is no ^^ae in font cmti10!
Missing character: There is no ^^a1 in font cmti10!
Missing character: There is no ^^9b in font cmti10!
Missing character: There is no ^^ac in font cmti10!
Missing character: There is no ^^a0 in font cmti10!
Missing character: There is no ^^f0 in font cmti10!
Missing character: There is no ^^9b in font cmti10!
Missing character: There is no ^^a0 in font cmti10!
Missing character: There is no ^^ac in font cmti10!
Missing character: There is no ^^a0 in font cmti10!
Missing character: There is no ^^ac in font cmti10!
Missing character: There is no ^^a0 in font cmti10!
Missing character: There is no ^^a0 in font cmti10!
Missing character: There is no ^^ac in font cmti10!
Missing character: There is no ^^a0 in font cmti10!
Missing character: There is no ^^a0 in font cmti10!
Missing character: There is no ^^ae in font cmti10!
Missing character: There is no ^^f0 in font cmti10!
Missing character: There is no ^^9b in font cmti10!
Missing character: There is no ^^a0 in font cmti10!
Missing character: There is no ^^a0 in font cmti10!
Missing character: There is no ^^ac in font cmti10!
Missing character: There is no ^^a0 in font cmti10!
Missing character: There is no ^^a0 in font cmti10!
Missing character: There is no ^^a0 in font cmti10!
Missing character: There is no ^^a0 in font cmti10!
Missing character: There is no ^^ae in font cmti10!
Missing character: There is no ^^f0 in font cmti10!
Missing character: There is no ^^9b in font cmti10!
Missing character: There is no ^^a0 in font cmti10!
Missing character: There is no ^^ac in font cmti10!
Missing character: There is no ^^a0 in font cmti10!
Missing character: There is no ^^ac in font cmti10!
Missing character: There is no ^^a0 in font cmti10!
Missing character: There is no ^^a0 in font cmti10!
Missing character: There is no ^^a0 in font cmti10!
Missing character: There is no ^^a0 in font cmti10!
Missing character: There is no ^^ae in font cmti10!
Missing character: There is no ^^a0 in font cmti10!
Missing character: There is no ^^f0 in font cmti10!
Missing character: There is no ^^9b in font cmti10!
Missing character: There is no ^^a0 in font cmti10!
Missing character: There is no ^^a0 in font cmti10!
Missing character: There is no ^^ac in font cmti10!
Missing character: There is no ^^a0 in font cmti10!
Missing character: There is no ^^ac in font cmti10!
Missing character: There is no ^^a0 in font cmti10!
Missing character: There is no ^^ac in font cmti10!
Missing character: There is no ^^a0 in font cmti10!
Missing character: There is no ^^f2 in font cmti10!
Missing character: There is no ^^a0 in font cmti10!
Missing character: There is no ^^ae in font cmti10!
Missing character: There is no ^^a0 in font cmti10!
Missing character: There is no ^^eb in font cmti10!
Missing character: There is no ^^9b in font cmti10!
Missing character: There is no ^^ac in font cmti10!
Missing character: There is no ^^a0 in font cmti10!
Missing character: There is no ^^f0 in font cmti10!
Missing character: There is no ^^9b in font cmti10!
Missing character: There is no ^^a0 in font cmti10!
Missing character: There is no ^^a0 in font cmti10!
Missing character: There is no ^^ac in font cmti10!
Missing character: There is no ^^a0 in font cmti10!
Missing character: There is no ^^a0 in font cmti10!
Missing character: There is no ^^a0 in font cmti10!
Missing character: There is no ^^a0 in font cmti10!
Missing character: There is no ^^ae in font cmti10!
Missing character: There is no ^^ea in font cmti10!
Missing character: There is no ^^9b in font cmti10!
Missing character: There is no ^^ac in font cmti10!
Missing character: There is no ^^a0 in font cmti10!
Missing character: There is no ^^c1 in font cmti10!
Missing character: There is no ^^9b in font cmti10!
Missing character: There is no ^^c6 in font cmti10!
Missing character: There is no ^^9b in font cmti10!
Missing character: There is no ^^ac in font cmti10!
Missing character: There is no ^^a0 in font cmti10!
Missing character: There is no ^^f0 in font cmti10!
Missing character: There is no ^^9b in font cmti10!
Missing character: There is no ^^a0 in font cmti10!
Missing character: There is no ^^ac in font cmti10!
Missing character: There is no ^^a0 in font cmti10!
Missing character: There is no ^^ac in font cmti10!
Missing character: There is no ^^a0 in font cmti10!
Missing character: There is no ^^a0 in font cmti10!
Missing character: There is no ^^a0 in font cmti10!
Missing character: There is no ^^a0 in font cmti10!
Missing character: There is no ^^ae in font cmti10!
Missing character: There is no ^^a0 in font cmti10!
 [13]
Missing character: There is no ^^f3 in font cmti10!
Missing character: There is no ^^9b in font cmti10!
Missing character: There is no ^^b1 in font cmti10!
Missing character: There is no ^^9b in font cmti10!
Missing character: There is no ^^f0 in font cmti10!
Missing character: There is no ^^9b in font cmti10!
Missing character: There is no ^^a0 in font cmti10!
Missing character: There is no ^^a0 in font cmti10!
Missing character: There is no ^^ac in font cmti10!
Missing character: There is no ^^a0 in font cmti10!
Missing character: There is no ^^a0 in font cmti10!
Missing character: There is no ^^a0 in font cmti10!
Missing character: There is no ^^a0 in font cmti10!
Missing character: There is no ^^ae in font cmti10!
Missing character: There is no ^^f0 in font cmti10!
Missing character: There is no ^^9b in font cmti10!
Missing character: There is no ^^a0 in font cmti10!
Missing character: There is no ^^a0 in font cmti10!
Missing character: There is no ^^ac in font cmti10!
Missing character: There is no ^^a0 in font cmti10!
Missing character: There is no ^^ac in font cmti10!
Missing character: There is no ^^a0 in font cmti10!
Missing character: There is no ^^a0 in font cmti10!
Missing character: There is no ^^f2 in font cmti10!
Missing character: There is no ^^a0 in font cmti10!
Missing character: There is no ^^ae in font cmti10!
Missing character: There is no ^^cf in font cmti10!
Missing character: There is no ^^9b in font cmti10!
Missing character: There is no ^^ac in font cmti10!
Missing character: There is no ^^a0 in font cmti10!
Missing character: There is no ^^f0 in font cmti10!
Missing character: There is no ^^9b in font cmti10!
Missing character: There is no ^^e0 in font cmti10!
Missing character: There is no ^^9b in font cmti10!
Missing character: There is no ^^ac in font cmti10!
Missing character: There is no ^^a0 in font cmti10!
Missing character: There is no ^^f0 in font cmti10!
Missing character: There is no ^^9b in font cmti10!
Missing character: There is no ^^a1 in font cmti10!
Missing character: There is no ^^9b in font cmti10!
Missing character: There is no ^^ac in font cmti10!
Missing character: There is no ^^a0 in font cmti10!
Missing character: There is no ^^f0 in font cmti10!
Missing character: There is no ^^9b in font cmti10!
Missing character: There is no ^^d6 in font cmti10!
Missing character: There is no ^^9b in font cmti10!
Missing character: There is no ^^d7 in font cmti10!
Missing character: There is no ^^9b in font cmti10!
Missing character: There is no ^^ac in font cmti10!
Missing character: There is no ^^a0 in font cmti10!
Missing character: There is no ^^f0 in font cmti10!
Missing character: There is no ^^9b in font cmti10!
Missing character: There is no ^^cb in font cmti10!
Missing character: There is no ^^9b in font cmti10!
Missing character: There is no ^^f0 in font cmti10!
Missing character: There is no ^^9b in font cmti10!
Missing character: There is no ^^a0 in font cmti10!
Missing character: There is no ^^ac in font cmti10!
Missing character: There is no ^^a0 in font cmti10!
Missing character: There is no ^^a0 in font cmti10!
Missing character: There is no ^^ac in font cmti10!
Missing character: There is no ^^a0 in font cmti10!
Missing character: There is no ^^a0 in font cmti10!
Missing character: There is no ^^ac in font cmti10!
Missing character: There is no ^^a0 in font cmti10!
Missing character: There is no ^^f9 in font cmti10!
Missing character: There is no ^^a0 in font cmti10!
Missing character: There is no ^^ae in font cmti10!
Missing character: There is no ^^f3 in font cmti10!
Missing character: There is no ^^9b in font cmti10!
Missing character: There is no ^^d7 in font cmti10!
Missing character: There is no ^^9b in font cmti10!
Missing character: There is no ^^ac in font cmti10!
Missing character: There is no ^^a0 in font cmti10!
Missing character: There is no ^^f0 in font cmti10!
Missing character: There is no ^^9b in font cmti10!
Missing character: There is no ^^a0 in font cmti10!
Missing character: There is no ^^a0 in font cmti10!
Missing character: There is no ^^a0 in font cmti10!
Missing character: There is no ^^ac in font cmti10!
Missing character: There is no ^^a0 in font cmti10!
Missing character: There is no ^^a0 in font cmti10!
Missing character: There is no ^^a0 in font cmti10!
Missing character: There is no ^^a0 in font cmti10!
Missing character: There is no ^^ae in font cmti10!
Missing character: There is no ^^a0 in font cmti10!
Missing character: There is no ^^f0 in font cmti10!
Missing character: There is no ^^9b in font cmti10!
Missing character: There is no ^^a0 in font cmti10!
Missing character: There is no ^^a0 in font cmti10!
Missing character: There is no ^^a0 in font cmti10!
Missing character: There is no ^^ac in font cmti10!
Missing character: There is no ^^a0 in font cmti10!
Missing character: There is no ^^a0 in font cmti10!
Missing character: There is no ^^a0 in font cmti10!
Missing character: There is no ^^a0 in font cmti10!
Missing character: There is no ^^ae in font cmti10!
Missing character: There is no ^^a0 in font cmti10!
Missing character: There is no ^^a9 in font cmti10!
Missing character: There is no ^^9b in font cmti10!
Missing character: There is no ^^ac in font cmti10!
Missing character: There is no ^^a0 in font cmti10!
Missing character: There is no ^^f0 in font cmti10!
Missing character: There is no ^^9b in font cmti10!
Missing character: There is no ^^a0 in font cmti10!
Missing character: There is no ^^ac in font cmti10!
Missing character: There is no ^^a0 in font cmti10!
Missing character: There is no ^^ac in font cmti10!
Missing character: There is no ^^a0 in font cmti10!
Missing character: There is no ^^a0 in font cmti10!
Missing character: There is no ^^a0 in font cmti10!
Missing character: There is no ^^a0 in font cmti10!
Missing character: There is no ^^ae in font cmti10!
Missing character: There is no ^^a0 in font cmti10!

[14]
Missing character: There is no ^^c8 in font cmti10!
Missing character: There is no ^^9b in font cmti10!
Missing character: There is no ^^f0 in font cmti10!
Missing character: There is no ^^9b in font cmti10!
Missing character: There is no ^^a0 in font cmti10!
Missing character: There is no ^^ac in font cmti10!
Missing character: There is no ^^a0 in font cmti10!
Missing character: There is no ^^ac in font cmti10!
Missing character: There is no ^^a0 in font cmti10!
Missing character: There is no ^^a0 in font cmti10!
Missing character: There is no ^^a0 in font cmti10!
Missing character: There is no ^^a0 in font cmti10!
Missing character: There is no ^^ae in font cmti10!
Missing character: There is no ^^a0 in font cmti10!
Missing character: There is no ^^f0 in font cmti10!
Missing character: There is no ^^9b in font cmti10!
Missing character: There is no ^^b0 in font cmti10!
Missing character: There is no ^^9b in font cmti10!
Missing character: There is no ^^c8 in font cmti10!
Missing character: There is no ^^9b in font cmti10!
Missing character: There is no ^^b0 in font cmti10!
Missing character: There is no ^^9b in font cmti10!
Missing character: There is no ^^c8 in font cmti10!
Missing character: There is no ^^9b in font cmti10!
Missing character: There is no ^^ee in font cmti10!
Missing character: There is no ^^9b in font cmti10!
Missing character: There is no ^^f0 in font cmti10!
Missing character: There is no ^^9b in font cmti10!
Missing character: There is no ^^b7 in font cmti10!
Missing character: There is no ^^9b in font cmti10!
Missing character: There is no ^^ac in font cmti10!
Missing character: There is no ^^a0 in font cmti10!
Missing character: There is no ^^f0 in font cmti10!
Missing character: There is no ^^9b in font cmti10!
Missing character: There is no ^^c8 in font cmti10!
Missing character: There is no ^^9b in font cmti10!
Missing character: There is no ^^ac in font cmti10!
Missing character: There is no ^^a0 in font cmti10!
Missing character: There is no ^^f0 in font cmti10!
Missing character: There is no ^^9b in font cmti10!
Missing character: There is no ^^e0 in font cmti10!
Missing character: There is no ^^9b in font cmti10!
Missing character: There is no ^^ac in font cmti10!
Missing character: There is no ^^a0 in font cmti10!
Missing character: There is no ^^f0 in font cmti10!
Missing character: There is no ^^9b in font cmti10!
Missing character: There is no ^^c6 in font cmti10!
Missing character: There is no ^^9b in font cmti10!
Missing character: There is no ^^ac in font cmti10!
Missing character: There is no ^^a0 in font cmti10!
Missing character: There is no ^^f0 in font cmti10!
Missing character: There is no ^^9b in font cmti10!
Missing character: There is no ^^c8 in font cmti10!
Missing character: There is no ^^9b in font cmti10!
Missing character: There is no ^^f0 in font cmti10!
Missing character: There is no ^^9b in font cmti10!
Missing character: There is no ^^d6 in font cmti10!
Missing character: There is no ^^9b in font cmti10!
Missing character: There is no ^^e5 in font cmti10!
Missing character: There is no ^^a0 in font cmti10!
Missing character: There is no ^^f2 in font cmti10!
Missing character: There is no ^^9b in font cmti10!
Missing character: There is no ^^fd in font cmti10!
Missing character: There is no ^^9b in font cmti10!
Missing character: There is no ^^a0 in font cmti10!
Missing character: There is no ^^9b in font cmti10!
Missing character: There is no ^^f0 in font cmti10!
Missing character: There is no ^^9b in font cmti10!
Missing character: There is no ^^f0 in font cmti10!
Missing character: There is no ^^9b in font cmti10!
 [15]
Missing character: There is no ^^f0 in font cmti10!
Missing character: There is no ^^9b in font cmti10!
Missing character: There is no ^^f0 in font cmti10!
Missing character: There is no ^^9b in font cmti10!
Missing character: There is no ^^b9 in font cmti10!
Missing character: There is no ^^9b in font cmti10!
Missing character: There is no ^^ac in font cmti10!
Missing character: There is no ^^a0 in font cmti10!
Missing character: There is no ^^f0 in font cmti10!
Missing character: There is no ^^9b in font cmti10!
Missing character: There is no ^^f0 in font cmti10!
Missing character: There is no ^^9b in font cmti10!
Missing character: There is no ^^a4 in font cmti10!
Missing character: There is no ^^9b in font cmti10!
Missing character: There is no ^^ac in font cmti10!
Missing character: There is no ^^a0 in font cmti10!
Missing character: There is no ^^f0 in font cmti10!
Missing character: There is no ^^9b in font cmti10!
Missing character: There is no ^^f0 in font cmti10!
Missing character: There is no ^^9b in font cmti10!
Missing character: There is no ^^c6 in font cmti10!
Missing character: There is no ^^9b in font cmti10!
Missing character: There is no ^^ac in font cmti10!
Missing character: There is no ^^a0 in font cmti10!
Missing character: There is no ^^f0 in font cmti10!
Missing character: There is no ^^9b in font cmti10!
Missing character: There is no ^^e0 in font cmti10!
Missing character: There is no ^^9b in font cmti10!
Missing character: There is no ^^ac in font cmti10!
Missing character: There is no ^^a0 in font cmti10!
Missing character: There is no ^^f0 in font cmti10!
Missing character: There is no ^^9b in font cmti10!
Missing character: There is no ^^bc in font cmti10!
Missing character: There is no ^^9b in font cmti10!
Missing character: There is no ^^ac in font cmti10!
Missing character: There is no ^^a0 in font cmti10!
 [16]
Missing character: There is no ^^f0 in font cmti10!
Missing character: There is no ^^9b in font cmti10!
Missing character: There is no ^^f0 in font cmti10!
Missing character: There is no ^^9b in font cmti10!
Missing character: There is no ^^f0 in font cmti10!
Missing character: There is no ^^9b in font cmti10!
Missing character: There is no ^^f0 in font cmti10!
Missing character: There is no ^^9b in font cmti10!
Missing character: There is no ^^ee in font cmti10!
Missing character: There is no ^^9b in font cmti10!
Missing character: There is no ^^ac in font cmti10!
Missing character: There is no ^^a0 in font cmti10!
Missing character: There is no ^^a4 in font cmti10!
Missing character: There is no ^^9b in font cmti10!
Missing character: There is no ^^a0 in font cmti10!
Missing character: There is no ^^ad in font cmti10!
Missing character: There is no ^^a0 in font cmti10!
Missing character: There is no ^^9b in font cmti10!
Missing character: There is no ^^af in font cmti10!
Missing character: There is no ^^9b in font cmti10!
Missing character: There is no ^^ac in font cmti10!
Missing character: There is no ^^a0 in font cmti10!
Missing character: There is no ^^bc in font cmti10!
Missing character: There is no ^^9b in font cmti10!
Missing character: There is no ^^f0 in font cmti10!
Missing character: There is no ^^9b in font cmti10!
Missing character: There is no ^^a4 in font cmti10!
Missing character: There is no ^^9b in font cmti10!
Missing character: There is no ^^ac in font cmti10!
Missing character: There is no ^^a0 in font cmti10!
 [17]
Missing character: There is no ^^ba in font cmti10!
Missing character: There is no ^^9b in font cmti10!
Missing character: There is no ^^f0 in font cmti10!
Missing character: There is no ^^9b in font cmti10!
Missing character: There is no ^^f0 in font cmti10!
Missing character: There is no ^^9b in font cmti10!
Missing character: There is no ^^ea in font cmti10!
Missing character: There is no ^^9b in font cmti10!
Missing character: There is no ^^a0 in font cmti10!
Missing character: There is no ^^9b in font cmti10!
Missing character: There is no ^^cb in font cmti10!
Missing character: There is no ^^9b in font cmti10!
Missing character: There is no ^^a6 in font cmti10!
Missing character: There is no ^^9b in font cmti10!
Missing character: There is no ^^ac in font cmti10!
Missing character: There is no ^^a0 in font cmti10!
Missing character: There is no ^^e0 in font cmti10!
Missing character: There is no ^^9b in font cmti10!
Missing character: There is no ^^ac in font cmti10!
Missing character: There is no ^^a0 in font cmti10!
Missing character: There is no ^^c8 in font cmti10!
Missing character: There is no ^^9b in font cmti10!
Missing character: There is no ^^ac in font cmti10!
Missing character: There is no ^^a0 in font cmti10!
 [18]
Missing character: There is no ^^ae in font cmti10!
Missing character: There is no ^^9b in font cmti10!
Missing character: There is no ^^ac in font cmti10!
Missing character: There is no ^^a0 in font cmti10!
Missing character: There is no ^^f0 in font cmti10!
Missing character: There is no ^^9b in font cmti10!
Missing character: There is no ^^a0 in font cmti10!
Missing character: There is no ^^9b in font cmti10!
Missing character: There is no ^^f0 in font cmti10!
Missing character: There is no ^^9b in font cmti10!
Missing character: There is no ^^a0 in font cmti10!
Missing character: There is no ^^9b in font cmti10!
Missing character: There is no ^^f0 in font cmti10!
Missing character: There is no ^^9b in font cmti10!
Missing character: There is no ^^a0 in font cmti10!
Missing character: There is no ^^9b in font cmti10!
Missing character: There is no ^^f0 in font cmti10!
Missing character: There is no ^^9b in font cmti10!
Missing character: There is no ^^a0 in font cmti10!
Missing character: There is no ^^9b in font cmti10!
Missing character: There is no ^^f9 in font cmti10!
Missing character: There is no ^^9b in font cmti10!
Missing character: There is no ^^ac in font cmti10!
Missing character: There is no ^^a0 in font cmti10!
Missing character: There is no ^^f0 in font cmti10!
Missing character: There is no ^^9b in font cmti10!
Missing character: There is no ^^a0 in font cmti10!
Missing character: There is no ^^9b in font cmti10!
Missing character: There is no ^^f0 in font cmti10!
Missing character: There is no ^^9b in font cmti10!
Missing character: There is no ^^a0 in font cmti10!
Missing character: There is no ^^9b in font cmti10!

! Missing } inserted.
<inserted text> 
                }
l.1897 \end{Enumerate}
                      
? 
! Missing } inserted.
<inserted text> 
                }
l.1897 \end{Enumerate}
                      
? 
! Missing } inserted.
<inserted text> 
                }
l.1897 \end{Enumerate}
                      
? 
! Missing } inserted.
<inserted text> 
                }
l.1897 \end{Enumerate}
                      
? 
! Missing } inserted.
<inserted text> 
                }
l.1897 \end{Enumerate}
                      
? 
! Missing } inserted.
<inserted text> 
                }
l.1897 \end{Enumerate}
                      
? 
! Missing } inserted.
<inserted text> 
                }
l.1897 \end{Enumerate}
                      
? 
! Missing } inserted.
<inserted text> 
                }
l.1897 \end{Enumerate}
                      
? 
! Missing } inserted.
<inserted text> 
                }
l.1897 \end{Enumerate}
                      
? 
! Missing } inserted.
<inserted text> 
                }
l.1897 \end{Enumerate}
                      
? 
! Missing } inserted.
<inserted text> 
                }
l.1897 \end{Enumerate}
                      
? 
! Missing } inserted.
<inserted text> 
                }
l.1897 \end{Enumerate}
                      
? 
! Missing } inserted.
<inserted text> 
                }
l.1897 \end{Enumerate}
                      
? 
! Missing } inserted.
<inserted text> 
                }
l.1897 \end{Enumerate}
                      
? 
! Missing } inserted.
<inserted text> 
                }
l.1897 \end{Enumerate}
                      
? 
! Missing } inserted.
<inserted text> 
                }
l.1897 \end{Enumerate}
                      
? 
! Missing } inserted.
<inserted text> 
                }
l.1897 \end{Enumerate}
                      
? 
! Missing } inserted.
<inserted text> 
                }
l.1897 \end{Enumerate}
                      
? 
! Missing } inserted.
<inserted text> 
                }
l.1897 \end{Enumerate}
                      
? 
! Missing } inserted.
<inserted text> 
                }
l.1897 \end{Enumerate}
                      
? 
! Missing } inserted.
<inserted text> 
                }
l.1897 \end{Enumerate}
                      
? 
! Missing } inserted.
<inserted text> 
                }
l.1897 \end{Enumerate}
                      
? 
! Missing } inserted.
<inserted text> 
                }
l.1897 \end{Enumerate}
                      
? 
Missing character: There is no ^^d0 in font cmr10!
Missing character: There is no ^^9b in font cmr10!
Missing character: There is no ^^ac in font cmr10!
Missing character: There is no ^^a0 in font cmr10!
Missing character: There is no ^^f1 in font cmti10!
Missing character: There is no ^^9b in font cmti10!
Missing character: There is no ^^a0 in font cmti10!
Missing character: There is no ^^9b in font cmti10!
Missing character: There is no ^^b0 in font cmr10!
Missing character: There is no ^^9b in font cmr10!
Missing character: There is no ^^ac in font cmr10!
Missing character: There is no ^^a0 in font cmr10!
Missing character: There is no ^^e7 in font cmr10!
Missing character: There is no ^^9b in font cmr10!
Missing character: There is no ^^ac in font cmr10!
Missing character: There is no ^^a0 in font cmr10!
Missing character: There is no ^^f1 in font cmti10!
Missing character: There is no ^^9b in font cmti10!
Missing character: There is no ^^a0 in font cmti10!
Missing character: There is no ^^9b in font cmti10!
[19]
Missing character: There is no ^^a1 in font cmr10!
Missing character: There is no ^^9b in font cmr10!
Missing character: There is no ^^ac in font cmr10!
Missing character: There is no ^^a0 in font cmr10!
Missing character: There is no ^^ea in font cmr10!
Missing character: There is no ^^9b in font cmr10!
Missing character: There is no ^^ac in font cmr10!
Missing character: There is no ^^a0 in font cmr10!
Missing character: There is no ^^f1 in font cmti10!
Missing character: There is no ^^9b in font cmti10!
Missing character: There is no ^^a0 in font cmti10!
Missing character: There is no ^^9b in font cmti10!
Missing character: There is no ^^f1 in font cmti10!
Missing character: There is no ^^9b in font cmti10!
Missing character: There is no ^^a0 in font cmti10!
Missing character: There is no ^^9b in font cmti10!
Missing character: There is no ^^cc in font cmr10!
Missing character: There is no ^^9b in font cmr10!
Missing character: There is no ^^ac in font cmr10!
Missing character: There is no ^^a0 in font cmr10!
Missing character: There is no ^^f1 in font cmti10!
Missing character: There is no ^^9b in font cmti10!
Missing character: There is no ^^a0 in font cmti10!
Missing character: There is no ^^9b in font cmti10!
Missing character: There is no ^^f1 in font cmti10!
Missing character: There is no ^^9b in font cmti10!
Missing character: There is no ^^a0 in font cmti10!
Missing character: There is no ^^9b in font cmti10!
Missing character: There is no ^^f1 in font cmti10!
Missing character: There is no ^^9b in font cmti10!
Missing character: There is no ^^a0 in font cmti10!
Missing character: There is no ^^9b in font cmti10!
 [20]
Missing character: There is no ^^c6 in font cmr10!
Missing character: There is no ^^9b in font cmr10!
Missing character: There is no ^^ac in font cmr10!
Missing character: There is no ^^a0 in font cmr10!
Missing character: There is no ^^df in font cmr10!
Missing character: There is no ^^9b in font cmr10!
Missing character: There is no ^^ac in font cmr10!
Missing character: There is no ^^a0 in font cmr10!
Missing character: There is no ^^f1 in font cmti10!
Missing character: There is no ^^9b in font cmti10!
Missing character: There is no ^^a0 in font cmti10!
Missing character: There is no ^^9b in font cmti10!
Missing character: There is no ^^d0 in font cmr10!
Missing character: There is no ^^9b in font cmr10!
Missing character: There is no ^^ac in font cmr10!
Missing character: There is no ^^a0 in font cmr10!
Missing character: There is no ^^cf in font cmr10!
Missing character: There is no ^^9b in font cmr10!
Missing character: There is no ^^ac in font cmr10!
Missing character: There is no ^^a0 in font cmr10!
Missing character: There is no ^^b1 in font cmr10!
Missing character: There is no ^^9b in font cmr10!
Missing character: There is no ^^ac in font cmr10!
Missing character: There is no ^^a0 in font cmr10!
Missing character: There is no ^^ce in font cmr10!
Missing character: There is no ^^9b in font cmr10!
Missing character: There is no ^^cd in font cmr10!
Missing character: There is no ^^9b in font cmr10!
Missing character: There is no ^^b8 in font cmti10!
Missing character: There is no ^^9b in font cmti10!
Missing character: There is no ^^b8 in font cmti10!
Missing character: There is no ^^9b in font cmti10!
Missing character: There is no ^^b8 in font cmti10!
Missing character: There is no ^^9b in font cmti10!
Missing character: There is no ^^a5 in font cmr10!
Missing character: There is no ^^9b in font cmr10!
Missing character: There is no ^^ac in font cmr10!
Missing character: There is no ^^a0 in font cmr10!
Missing character: There is no ^^b8 in font cmti10!
Missing character: There is no ^^9b in font cmti10!
 [21]
Missing character: There is no ^^b8 in font cmti10!
Missing character: There is no ^^9b in font cmti10!
Missing character: There is no ^^e0 in font cmr10!
Missing character: There is no ^^9b in font cmr10!
Missing character: There is no ^^ac in font cmr10!
Missing character: There is no ^^a0 in font cmr10!
Missing character: There is no ^^b8 in font cmti10!
Missing character: There is no ^^9b in font cmti10!
Missing character: There is no ^^b5 in font cmr10!
Missing character: There is no ^^9b in font cmr10!
Missing character: There is no ^^ac in font cmr10!
Missing character: There is no ^^a0 in font cmr10!
Missing character: There is no ^^b8 in font cmti10!
Missing character: There is no ^^9b in font cmti10!

! You can't use `macro parameter character #' in horizontal mode.
l.2255 ... \&#
                                                  65293;...

? 
! You can't use `macro parameter character #' in horizontal mode.
l.2255 ...\&#
                                                 65293;'',
? 
Missing character: There is no ^^b8 in font cmti10!
Missing character: There is no ^^9b in font cmti10!
Missing character: There is no ^^bc in font cmr10!
Missing character: There is no ^^9b in font cmr10!
Missing character: There is no ^^ac in font cmr10!
Missing character: There is no ^^a0 in font cmr10!
Missing character: There is no ^^af in font cmr10!
Missing character: There is no ^^9b in font cmr10!
Missing character: There is no ^^ac in font cmr10!
Missing character: There is no ^^a0 in font cmr10!
Missing character: There is no ^^a2 in font cmr10!
Missing character: There is no ^^9b in font cmr10!
Missing character: There is no ^^b8 in font cmti10!
Missing character: There is no ^^9b in font cmti10!
Missing character: There is no ^^a4 in font cmr10!
Missing character: There is no ^^9b in font cmr10!
Missing character: There is no ^^ac in font cmr10!
Missing character: There is no ^^a0 in font cmr10!
Missing character: There is no ^^b0 in font cmr10!
Missing character: There is no ^^9b in font cmr10!
Missing character: There is no ^^ac in font cmr10!
Missing character: There is no ^^a0 in font cmr10!
[22]
Missing character: There is no ^^e0 in font cmr10!
Missing character: There is no ^^9b in font cmr10!
Missing character: There is no ^^ac in font cmr10!
Missing character: There is no ^^a0 in font cmr10!
Missing character: There is no ^^a1 in font cmr10!
Missing character: There is no ^^9b in font cmr10!
Missing character: There is no ^^ac in font cmr10!
Missing character: There is no ^^a0 in font cmr10!
Missing character: There is no ^^e0 in font cmr10!
Missing character: There is no ^^9b in font cmr10!
Missing character: There is no ^^ba in font cmr10!
Missing character: There is no ^^9b in font cmr10!
Missing character: There is no ^^ea in font cmr10!
Missing character: There is no ^^9b in font cmr10!
Missing character: There is no ^^ac in font cmr10!
Missing character: There is no ^^a0 in font cmr10!
Missing character: There is no ^^e0 in font cmr10!
Missing character: There is no ^^9b in font cmr10!
Missing character: There is no ^^ac in font cmr10!
Missing character: There is no ^^a0 in font cmr10!
Missing character: There is no ^^a5 in font cmr10!
Missing character: There is no ^^9b in font cmr10!
Missing character: There is no ^^ac in font cmr10!
Missing character: There is no ^^a0 in font cmr10!
Missing character: There is no ^^af in font cmr10!
Missing character: There is no ^^9b in font cmr10!
Missing character: There is no ^^ac in font cmr10!
Missing character: There is no ^^a0 in font cmr10!
 [23]
Missing character: There is no ^^cf in font cmr10!
Missing character: There is no ^^9b in font cmr10!
Missing character: There is no ^^ac in font cmr10!
Missing character: There is no ^^a0 in font cmr10!
Missing character: There is no ^^f1 in font cmti10!
Missing character: There is no ^^9b in font cmti10!
Missing character: There is no ^^a0 in font cmti10!
Missing character: There is no ^^9b in font cmti10!
Missing character: There is no ^^a6 in font cmr10!
Missing character: There is no ^^9b in font cmr10!
Missing character: There is no ^^ac in font cmr10!
Missing character: There is no ^^a0 in font cmr10!
Missing character: There is no ^^f1 in font cmti10!
Missing character: There is no ^^9b in font cmti10!
Missing character: There is no ^^a0 in font cmti10!
Missing character: There is no ^^9b in font cmti10!
Missing character: There is no ^^f1 in font cmti10!
Missing character: There is no ^^9b in font cmti10!
Missing character: There is no ^^a0 in font cmti10!
Missing character: There is no ^^9b in font cmti10!
Missing character: There is no ^^f1 in font cmti10!
Missing character: There is no ^^9b in font cmti10!
Missing character: There is no ^^a0 in font cmti10!
Missing character: There is no ^^9b in font cmti10!
Missing character: There is no ^^cf in font cmr10!
Missing character: There is no ^^9b in font cmr10!
Missing character: There is no ^^ac in font cmr10!
Missing character: There is no ^^a0 in font cmr10!
Missing character: There is no ^^ee in font cmr10!
Missing character: There is no ^^9b in font cmr10!
Missing character: There is no ^^ac in font cmr10!
Missing character: There is no ^^a0 in font cmr10!
Missing character: There is no ^^ee in font cmr10!
Missing character: There is no ^^9b in font cmr10!
Missing character: There is no ^^ac in font cmr10!
Missing character: There is no ^^a0 in font cmr10!
Missing character: There is no ^^a1 in font cmr10!
Missing character: There is no ^^9b in font cmr10!
Missing character: There is no ^^ac in font cmr10!
Missing character: There is no ^^a0 in font cmr10!
Missing character: There is no ^^ee in font cmr10!
Missing character: There is no ^^9b in font cmr10!
Missing character: There is no ^^ac in font cmr10!
Missing character: There is no ^^a0 in font cmr10!
Missing character: There is no ^^ab in font cmr10!
Missing character: There is no ^^9b in font cmr10!
 [24]
Missing character: There is no ^^b8 in font cmti10!
Missing character: There is no ^^9b in font cmti10!
Missing character: There is no ^^d1 in font cmr10!
Missing character: There is no ^^9b in font cmr10!
Missing character: There is no ^^e9 in font cmr10!
Missing character: There is no ^^9b in font cmr10!
Missing character: There is no ^^a0 in font cmr10!
Missing character: There is no ^^9b in font cmr10!
Missing character: There is no ^^f1 in font cmti10!
Missing character: There is no ^^9b in font cmti10!
Missing character: There is no ^^a0 in font cmti10!
Missing character: There is no ^^9b in font cmti10!
Missing character: There is no ^^f1 in font cmti10!
Missing character: There is no ^^9b in font cmti10!
Missing character: There is no ^^a0 in font cmti10!
Missing character: There is no ^^9b in font cmti10!
Missing character: There is no ^^f1 in font cmti10!
Missing character: There is no ^^9b in font cmti10!
Missing character: There is no ^^a0 in font cmti10!
Missing character: There is no ^^9b in font cmti10!
Missing character: There is no ^^f1 in font cmti10!
Missing character: There is no ^^9b in font cmti10!
Missing character: There is no ^^a0 in font cmti10!
Missing character: There is no ^^9b in font cmti10!
Missing character: There is no ^^f1 in font cmti10!
Missing character: There is no ^^9b in font cmti10!
Missing character: There is no ^^a0 in font cmti10!
Missing character: There is no ^^9b in font cmti10!
Missing character: There is no ^^b8 in font cmr10!
Missing character: There is no ^^9b in font cmr10!
Missing character: There is no ^^ac in font cmr10!
Missing character: There is no ^^a0 in font cmr10!
Missing character: There is no ^^f1 in font cmti10!
Missing character: There is no ^^9b in font cmti10!
Missing character: There is no ^^a0 in font cmti10!
Missing character: There is no ^^9b in font cmti10!
 [25]
Missing character: There is no ^^f1 in font cmti10!
Missing character: There is no ^^9b in font cmti10!
Missing character: There is no ^^a0 in font cmti10!
Missing character: There is no ^^9b in font cmti10!
Missing character: There is no ^^cf in font cmr10!
Missing character: There is no ^^9b in font cmr10!
Missing character: There is no ^^ac in font cmr10!
Missing character: There is no ^^a0 in font cmr10!
Missing character: There is no ^^f1 in font cmti10!
Missing character: There is no ^^9b in font cmti10!
Missing character: There is no ^^a0 in font cmti10!
Missing character: There is no ^^9b in font cmti10!
Missing character: There is no ^^f3 in font cmti10!
Missing character: There is no ^^9b in font cmti10!
Missing character: There is no ^^c6 in font cmr10!
Missing character: There is no ^^9b in font cmr10!
Missing character: There is no ^^ac in font cmr10!
Missing character: There is no ^^a0 in font cmr10!
Missing character: There is no ^^f1 in font cmti10!
Missing character: There is no ^^9b in font cmti10!
Missing character: There is no ^^a0 in font cmti10!
Missing character: There is no ^^9b in font cmti10!
Missing character: There is no ^^f3 in font cmti10!
Missing character: There is no ^^9b in font cmti10!
Missing character: There is no ^^fd in font cmr10!
Missing character: There is no ^^9b in font cmr10!
Missing character: There is no ^^ac in font cmr10!
Missing character: There is no ^^a0 in font cmr10!
Missing character: There is no ^^d7 in font cmr10!
Missing character: There is no ^^9b in font cmr10!
Missing character: There is no ^^ac in font cmr10!
Missing character: There is no ^^a0 in font cmr10!
Missing character: There is no ^^ea in font cmr10!
Missing character: There is no ^^9b in font cmr10!
Missing character: There is no ^^ac in font cmr10!
Missing character: There is no ^^a0 in font cmr10!
 [26]
Missing character: There is no ^^d2 in font cmr10!
Missing character: There is no ^^9b in font cmr10!
Missing character: There is no ^^ac in font cmr10!
Missing character: There is no ^^a0 in font cmr10!
Missing character: There is no ^^e8 in font cmr10!
Missing character: There is no ^^a0 in font cmr10!
Missing character: There is no ^^ae in font cmr10!
Missing character: There is no ^^a0 in font cmr10!
Missing character: There is no ^^fd in font cmr10!
Missing character: There is no ^^9b in font cmr10!
Missing character: There is no ^^ac in font cmr10!
Missing character: There is no ^^a0 in font cmr10!
Missing character: There is no ^^b9 in font cmr10!
Missing character: There is no ^^9b in font cmr10!
Missing character: There is no ^^ac in font cmr10!
Missing character: There is no ^^a0 in font cmr10!
LaTeX Font Info:    Font shape `OMS/cmr/m/n' in size <10.95> not available
(Font)              Font shape `OMS/cmsy/m/n' tried instead on input line 2848.

Missing character: There is no ^^f1 in font cmti10!
Missing character: There is no ^^9b in font cmti10!
Missing character: There is no ^^c8 in font cmr10!
Missing character: There is no ^^9b in font cmr10!
Missing character: There is no ^^ac in font cmr10!
Missing character: There is no ^^a0 in font cmr10!
Missing character: There is no ^^a0 in font cmr10!
Missing character: There is no ^^ae in font cmr10!
Missing character: There is no ^^f3 in font cmr10!
Missing character: There is no ^^9b in font cmr10!
Missing character: There is no ^^b1 in font cmr10!
Missing character: There is no ^^9b in font cmr10!
Missing character: There is no ^^f1 in font cmti10!
Missing character: There is no ^^9b in font cmti10!
Missing character: There is no ^^c8 in font cmr10!
Missing character: There is no ^^9b in font cmr10!
Missing character: There is no ^^ac in font cmr10!
Missing character: There is no ^^a0 in font cmr10!
Missing character: There is no ^^a0 in font cmr10!
Missing character: There is no ^^ae in font cmr10!
Missing character: There is no ^^d6 in font cmr10!
Missing character: There is no ^^9b in font cmr10!
Missing character: There is no ^^d7 in font cmr10!
Missing character: There is no ^^9b in font cmr10!
Missing character: There is no ^^ac in font cmr10!
Missing character: There is no ^^a0 in font cmr10!
Missing character: There is no ^^f1 in font cmti10!
Missing character: There is no ^^9b in font cmti10!
Missing character: There is no ^^a0 in font cmti10!
Missing character: There is no ^^9b in font cmti10!
Missing character: There is no ^^c8 in font cmr10!
Missing character: There is no ^^9b in font cmr10!
Missing character: There is no ^^ac in font cmr10!
Missing character: There is no ^^a0 in font cmr10!
Missing character: There is no ^^a0 in font cmr10!
Missing character: There is no ^^ae in font cmr10!
Missing character: There is no ^^a9 in font cmr10!
Missing character: There is no ^^9b in font cmr10!
Missing character: There is no ^^ac in font cmr10!
Missing character: There is no ^^a0 in font cmr10!
Missing character: There is no ^^f1 in font cmti10!
Missing character: There is no ^^9b in font cmti10!
Missing character: There is no ^^a0 in font cmti10!
Missing character: There is no ^^9b in font cmti10!
Missing character: There is no ^^a9 in font cmr10!
Missing character: There is no ^^9b in font cmr10!
Missing character: There is no ^^ac in font cmr10!
Missing character: There is no ^^a0 in font cmr10!
Missing character: There is no ^^f1 in font cmti10!
Missing character: There is no ^^9b in font cmti10!
Missing character: There is no ^^a0 in font cmti10!
Missing character: There is no ^^9b in font cmti10!
Missing character: There is no ^^c8 in font cmr10!
Missing character: There is no ^^9b in font cmr10!
Missing character: There is no ^^ac in font cmr10!
Missing character: There is no ^^a0 in font cmr10!
Missing character: There is no ^^a0 in font cmr10!
Missing character: There is no ^^ae in font cmr10!
 [27]
Missing character: There is no ^^f1 in font cmti10!
Missing character: There is no ^^9b in font cmti10!
Missing character: There is no ^^a0 in font cmti10!
Missing character: There is no ^^9b in font cmti10!
Missing character: There is no ^^d4 in font cmr10!
Missing character: There is no ^^9b in font cmr10!
Missing character: There is no ^^ac in font cmr10!
Missing character: There is no ^^a0 in font cmr10!
Missing character: There is no ^^f1 in font cmti10!
Missing character: There is no ^^9b in font cmti10!
Missing character: There is no ^^a0 in font cmti10!
Missing character: There is no ^^9b in font cmti10!
Missing character: There is no ^^bc in font cmti10!
Missing character: There is no ^^9b in font cmti10!
Missing character: There is no ^^d7 in font cmr10!
Missing character: There is no ^^9b in font cmr10!
Missing character: There is no ^^ac in font cmr10!
Missing character: There is no ^^a0 in font cmr10!
Missing character: There is no ^^c8 in font cmr10!
Missing character: There is no ^^9b in font cmr10!
Missing character: There is no ^^ac in font cmr10!
Missing character: There is no ^^a0 in font cmr10!
Missing character: There is no ^^f9 in font cmr10!
Missing character: There is no ^^a0 in font cmr10!
Missing character: There is no ^^ae in font cmr10!
Missing character: There is no ^^a0 in font cmr10!
Missing character: There is no ^^a5 in font cmr10!
Missing character: There is no ^^9b in font cmr10!
Missing character: There is no ^^a5 in font cmr10!
Missing character: There is no ^^9b in font cmr10!
Missing character: There is no ^^a0 in font cmr10!
Missing character: There is no ^^e1 in font cmr10!
Missing character: There is no ^^ea in font cmr10!
Missing character: There is no ^^9b in font cmr10!
Missing character: There is no ^^b2 in font cmr10!
Missing character: There is no ^^9b in font cmr10!
Missing character: There is no ^^a5 in font cmr10!
Missing character: There is no ^^9b in font cmr10!
Missing character: There is no ^^ae in font cmr10!
Missing character: There is no ^^9b in font cmr10!
Missing character: There is no ^^a0 in font cmr10!
Missing character: There is no ^^9b in font cmr10!
Missing character: There is no ^^e2 in font cmr10!
Missing character: There is no ^^9b in font cmr10!
Missing character: There is no ^^a0 in font cmr10!
Missing character: There is no ^^9b in font cmr10!
 [28]
Missing character: There is no ^^f1 in font cmr10!
Missing character: There is no ^^9b in font cmr10!
Missing character: There is no ^^a0 in font cmr10!
Missing character: There is no ^^9b in font cmr10!
Missing character: There is no ^^e2 in font cmr10!
Missing character: There is no ^^9b in font cmr10!
Missing character: There is no ^^a0 in font cmr10!
Missing character: There is no ^^9b in font cmr10!
Missing character: There is no ^^ce in font cmr10!
Missing character: There is no ^^9b in font cmr10!
Missing character: There is no ^^cb in font cmr10!
Missing character: There is no ^^9b in font cmr10!
Missing character: There is no ^^ae in font cmr10!
Missing character: There is no ^^9b in font cmr10!
Missing character: There is no ^^a0 in font cmr10!
Missing character: There is no ^^9b in font cmr10!
Missing character: There is no ^^b6 in font cmr10!
Missing character: There is no ^^9b in font cmr10!
Missing character: There is no ^^a0 in font cmr10!
Missing character: There is no ^^9b in font cmr10!
Missing character: There is no ^^a5 in font cmr10!
Missing character: There is no ^^9b in font cmr10!
Missing character: There is no ^^ca in font cmr10!
Missing character: There is no ^^9b in font cmr10!
Missing character: There is no ^^c5 in font cmr10!
Missing character: There is no ^^9b in font cmr10!
Missing character: There is no ^^a5 in font cmr10!
Missing character: There is no ^^9b in font cmr10!
Missing character: There is no ^^c8 in font cmr10!
Missing character: There is no ^^9b in font cmr10!
Missing character: There is no ^^a0 in font cmr10!
Missing character: There is no ^^9b in font cmr10!
Missing character: There is no ^^e6 in font cmr10!
Missing character: There is no ^^9b in font cmr10!
Missing character: There is no ^^c2 in font cmr10!
Missing character: There is no ^^9b in font cmr10!
Missing character: There is no ^^c8 in font cmr10!
Missing character: There is no ^^9b in font cmr10!
Missing character: There is no ^^a0 in font cmr10!
Missing character: There is no ^^9b in font cmr10!
Missing character: There is no ^^e6 in font cmr10!
Missing character: There is no ^^9b in font cmr10!
Missing character: There is no ^^c1 in font cmr10!
Missing character: There is no ^^9b in font cmr10!
Missing character: There is no ^^b3 in font cmr10!
Missing character: There is no ^^9b in font cmr10!
Missing character: There is no ^^a0 in font cmr10!
Missing character: There is no ^^9b in font cmr10!
Missing character: There is no ^^c8 in font cmr10!
Missing character: There is no ^^9b in font cmr10!
Missing character: There is no ^^a0 in font cmr10!
Missing character: There is no ^^9b in font cmr10!
Missing character: There is no ^^e6 in font cmr10!
Missing character: There is no ^^9b in font cmr10!
Missing character: There is no ^^c2 in font cmr10!
Missing character: There is no ^^9b in font cmr10!
Missing character: There is no ^^c4 in font cmr10!
Missing character: There is no ^^9b in font cmr10!
Missing character: There is no ^^a0 in font cmr10!
Missing character: There is no ^^9b in font cmr10!
Missing character: There is no ^^c8 in font cmr10!
Missing character: There is no ^^9b in font cmr10!
Missing character: There is no ^^a0 in font cmr10!
Missing character: There is no ^^9b in font cmr10!
Missing character: There is no ^^e6 in font cmr10!
Missing character: There is no ^^9b in font cmr10!
Missing character: There is no ^^c2 in font cmr10!
Missing character: There is no ^^9b in font cmr10!
Missing character: There is no ^^c8 in font cmr10!
Missing character: There is no ^^9b in font cmr10!
Missing character: There is no ^^a0 in font cmr10!
Missing character: There is no ^^9b in font cmr10!
Missing character: There is no ^^e6 in font cmr10!
Missing character: There is no ^^9b in font cmr10!
Missing character: There is no ^^c1 in font cmr10!
Missing character: There is no ^^9b in font cmr10!
Missing character: There is no ^^de in font cmr10!
Missing character: There is no ^^9b in font cmr10!
Missing character: There is no ^^a0 in font cmr10!
Missing character: There is no ^^9b in font cmr10!
 [29]
Missing character: There is no ^^de in font cmr10!
Missing character: There is no ^^9b in font cmr10!
Missing character: There is no ^^f1 in font cmr10!
Missing character: There is no ^^9b in font cmr10!
Missing character: There is no ^^a0 in font cmr10!
Missing character: There is no ^^9b in font cmr10!
Missing character: There is no ^^ca in font cmr10!
Missing character: There is no ^^9b in font cmr10!
Missing character: There is no ^^bf in font cmr10!
Missing character: There is no ^^9b in font cmr10!
Missing character: There is no ^^ae in font cmr10!
Missing character: There is no ^^9b in font cmr10!
Missing character: There is no ^^a0 in font cmr10!
Missing character: There is no ^^9b in font cmr10!
 [30]
Missing character: There is no ^^f1 in font cmr10!
Missing character: There is no ^^9b in font cmr10!
Missing character: There is no ^^a0 in font cmr10!
Missing character: There is no ^^9b in font cmr10!
Missing character: There is no ^^f1 in font cmr10!
Missing character: There is no ^^9b in font cmr10!
Missing character: There is no ^^a0 in font cmr10!
Missing character: There is no ^^9b in font cmr10!
Missing character: There is no ^^f7 in font cmr10!
Missing character: There is no ^^9b in font cmr10!
Missing character: There is no ^^f1 in font cmr10!
Missing character: There is no ^^9b in font cmr10!
Missing character: There is no ^^f1 in font cmr10!
Missing character: There is no ^^9b in font cmr10!
Missing character: There is no ^^a0 in font cmr10!
Missing character: There is no ^^9b in font cmr10!
Missing character: There is no ^^f1 in font cmr10!
Missing character: There is no ^^9b in font cmr10!
Missing character: There is no ^^a0 in font cmr10!
Missing character: There is no ^^9b in font cmr10!
Missing character: There is no ^^ca in font cmr10!
Missing character: There is no ^^9b in font cmr10!
 [31] (./paperlist.aux)
LaTeX Font Warning: Some font shapes were not available, defaults substituted.
 ) 
Here is how much of TeX's memory you used:
 702 strings out of 482863
 10509 string characters out of 5959218
 248343 words of memory out of 5000000
 16050 multiletter control sequences out of 15000+600000
 552069 words of font info for 99 fonts, out of 8000000 for 9000
 264 hyphenation exceptions out of 8191
 25i,6n,26p,305b,1301s stack positions out of 5000i,500n,10000p,200000b,80000s

Output written on paperlist.dvi (31 pages, 145464 bytes).
